<?xml version="1.0" encoding="UTF-8"?>
<testsuite xmlns:xsi="http://www.w3.org/2001/XMLSchema-instance" xsi:noNamespaceSchemaLocation="https://maven.apache.org/surefire/maven-surefire-plugin/xsd/surefire-test-report.xsd" name="TestSuite" time="9.96" tests="1" errors="0" skipped="0" failures="1">
  <properties>
    <property name="sun.desktop" value="windows"/>
    <property name="awt.toolkit" value="sun.awt.windows.WToolkit"/>
    <property name="file.encoding.pkg" value="sun.io"/>
    <property name="java.specification.version" value="1.8"/>
    <property name="sun.cpu.isalist" value="amd64"/>
    <property name="sun.jnu.encoding" value="Cp1251"/>
    <property name="java.class.path" value="C:\Users\Nazar_Gorodenchuk\linkq-apitests\target\test-classes;C:\Users\Nazar_Gorodenchuk\linkq-apitests\target\classes;C:\Users\Nazar_Gorodenchuk\.m2\repository\log4j\log4j\1.2.17\log4j-1.2.17.jar;C:\Users\Nazar_Gorodenchuk\.m2\repository\com\jayway\restassured\rest-assured\2.9.0\rest-assured-2.9.0.jar;C:\Users\Nazar_Gorodenchuk\.m2\repository\org\codehaus\groovy\groovy\2.4.4\groovy-2.4.4.jar;C:\Users\Nazar_Gorodenchuk\.m2\repository\org\codehaus\groovy\groovy-xml\2.4.4\groovy-xml-2.4.4.jar;C:\Users\Nazar_Gorodenchuk\.m2\repository\org\apache\httpcomponents\httpclient\4.5.1\httpclient-4.5.1.jar;C:\Users\Nazar_Gorodenchuk\.m2\repository\org\apache\httpcomponents\httpcore\4.4.3\httpcore-4.4.3.jar;C:\Users\Nazar_Gorodenchuk\.m2\repository\commons-logging\commons-logging\1.2\commons-logging-1.2.jar;C:\Users\Nazar_Gorodenchuk\.m2\repository\commons-codec\commons-codec\1.9\commons-codec-1.9.jar;C:\Users\Nazar_Gorodenchuk\.m2\repository\org\apache\httpcomponents\httpmime\4.5.1\httpmime-4.5.1.jar;C:\Users\Nazar_Gorodenchuk\.m2\repository\org\hamcrest\hamcrest-core\1.3\hamcrest-core-1.3.jar;C:\Users\Nazar_Gorodenchuk\.m2\repository\org\hamcrest\hamcrest-library\1.3\hamcrest-library-1.3.jar;C:\Users\Nazar_Gorodenchuk\.m2\repository\org\ccil\cowan\tagsoup\tagsoup\1.2.1\tagsoup-1.2.1.jar;C:\Users\Nazar_Gorodenchuk\.m2\repository\com\jayway\restassured\json-path\2.9.0\json-path-2.9.0.jar;C:\Users\Nazar_Gorodenchuk\.m2\repository\org\codehaus\groovy\groovy-json\2.4.4\groovy-json-2.4.4.jar;C:\Users\Nazar_Gorodenchuk\.m2\repository\com\jayway\restassured\rest-assured-common\2.9.0\rest-assured-common-2.9.0.jar;C:\Users\Nazar_Gorodenchuk\.m2\repository\com\jayway\restassured\xml-path\2.9.0\xml-path-2.9.0.jar;C:\Users\Nazar_Gorodenchuk\.m2\repository\org\apache\commons\commons-lang3\3.3.2\commons-lang3-3.3.2.jar;C:\Users\Nazar_Gorodenchuk\.m2\repository\com\jayway\restassured\json-schema-validator\2.3.4\json-schema-validator-2.3.4.jar;C:\Users\Nazar_Gorodenchuk\.m2\repository\com\github\fge\json-schema-validator\2.2.5\json-schema-validator-2.2.5.jar;C:\Users\Nazar_Gorodenchuk\.m2\repository\com\github\fge\json-schema-core\1.2.4\json-schema-core-1.2.4.jar;C:\Users\Nazar_Gorodenchuk\.m2\repository\com\github\fge\uri-template\0.9\uri-template-0.9.jar;C:\Users\Nazar_Gorodenchuk\.m2\repository\com\github\fge\msg-simple\1.1\msg-simple-1.1.jar;C:\Users\Nazar_Gorodenchuk\.m2\repository\com\github\fge\btf\1.2\btf-1.2.jar;C:\Users\Nazar_Gorodenchuk\.m2\repository\com\google\guava\guava\16.0.1\guava-16.0.1.jar;C:\Users\Nazar_Gorodenchuk\.m2\repository\com\github\fge\jackson-coreutils\1.8\jackson-coreutils-1.8.jar;C:\Users\Nazar_Gorodenchuk\.m2\repository\org\mozilla\rhino\1.7R4\rhino-1.7R4.jar;C:\Users\Nazar_Gorodenchuk\.m2\repository\joda-time\joda-time\2.3\joda-time-2.3.jar;C:\Users\Nazar_Gorodenchuk\.m2\repository\com\googlecode\libphonenumber\libphonenumber\6.0\libphonenumber-6.0.jar;C:\Users\Nazar_Gorodenchuk\.m2\repository\javax\mail\mailapi\1.4.3\mailapi-1.4.3.jar;C:\Users\Nazar_Gorodenchuk\.m2\repository\javax\activation\activation\1.1\activation-1.1.jar;C:\Users\Nazar_Gorodenchuk\.m2\repository\com\google\code\findbugs\jsr305\2.0.1\jsr305-2.0.1.jar;C:\Users\Nazar_Gorodenchuk\.m2\repository\net\sf\jopt-simple\jopt-simple\4.6\jopt-simple-4.6.jar;C:\Users\Nazar_Gorodenchuk\.m2\repository\com\fasterxml\jackson\core\jackson-annotations\2.9.3\jackson-annotations-2.9.3.jar;C:\Users\Nazar_Gorodenchuk\.m2\repository\com\fasterxml\jackson\core\jackson-core\2.9.3\jackson-core-2.9.3.jar;C:\Users\Nazar_Gorodenchuk\.m2\repository\com\fasterxml\jackson\core\jackson-databind\2.9.3\jackson-databind-2.9.3.jar;C:\Users\Nazar_Gorodenchuk\.m2\repository\com\jayway\jsonpath\json-path\0.8.1\json-path-0.8.1.jar;C:\Users\Nazar_Gorodenchuk\.m2\repository\net\minidev\json-smart\1.1.1\json-smart-1.1.1.jar;C:\Users\Nazar_Gorodenchuk\.m2\repository\commons-lang\commons-lang\2.6\commons-lang-2.6.jar;C:\Users\Nazar_Gorodenchuk\.m2\repository\org\testng\testng\6.13.1\testng-6.13.1.jar;C:\Users\Nazar_Gorodenchuk\.m2\repository\com\beust\jcommander\1.72\jcommander-1.72.jar;C:\Users\Nazar_Gorodenchuk\.m2\repository\ru\yandex\qatools\allure\allure-testng-adaptor\1.4.23\allure-testng-adaptor-1.4.23.jar;C:\Users\Nazar_Gorodenchuk\.m2\repository\ru\yandex\qatools\allure\allure-java-aspects\1.4.23\allure-java-aspects-1.4.23.jar;C:\Users\Nazar_Gorodenchuk\.m2\repository\ru\yandex\qatools\allure\allure-java-adaptor-api\1.4.23\allure-java-adaptor-api-1.4.23.jar;C:\Users\Nazar_Gorodenchuk\.m2\repository\ru\yandex\qatools\allure\allure-java-annotations\1.4.23\allure-java-annotations-1.4.23.jar;C:\Users\Nazar_Gorodenchuk\.m2\repository\ru\yandex\qatools\allure\allure-model\1.4.23\allure-model-1.4.23.jar;C:\Users\Nazar_Gorodenchuk\.m2\repository\org\jvnet\jaxb2_commons\jaxb2-basics-runtime\0.9.3\jaxb2-basics-runtime-0.9.3.jar;C:\Users\Nazar_Gorodenchuk\.m2\repository\ru\yandex\qatools\properties\properties-loader\1.5\properties-loader-1.5.jar;C:\Users\Nazar_Gorodenchuk\.m2\repository\commons-beanutils\commons-beanutils-core\1.8.3\commons-beanutils-core-1.8.3.jar;C:\Users\Nazar_Gorodenchuk\.m2\repository\org\slf4j\slf4j-api\1.7.12\slf4j-api-1.7.12.jar;C:\Users\Nazar_Gorodenchuk\.m2\repository\org\apache\tika\tika-core\1.7\tika-core-1.7.jar;C:\Users\Nazar_Gorodenchuk\.m2\repository\org\aspectj\aspectjrt\1.8.3\aspectjrt-1.8.3.jar;C:\Users\Nazar_Gorodenchuk\.m2\repository\ru\yandex\qatools\htmlelements\htmlelements-java\1.13\htmlelements-java-1.13.jar;C:\Users\Nazar_Gorodenchuk\.m2\repository\org\seleniumhq\selenium\selenium-java\2.42.0\selenium-java-2.42.0.jar;C:\Users\Nazar_Gorodenchuk\.m2\repository\org\seleniumhq\selenium\selenium-chrome-driver\2.42.0\selenium-chrome-driver-2.42.0.jar;C:\Users\Nazar_Gorodenchuk\.m2\repository\org\seleniumhq\selenium\selenium-remote-driver\2.42.0\selenium-remote-driver-2.42.0.jar;C:\Users\Nazar_Gorodenchuk\.m2\repository\org\json\json\20080701\json-20080701.jar;C:\Users\Nazar_Gorodenchuk\.m2\repository\org\seleniumhq\selenium\selenium-htmlunit-driver\2.42.0\selenium-htmlunit-driver-2.42.0.jar;C:\Users\Nazar_Gorodenchuk\.m2\repository\net\sourceforge\htmlunit\htmlunit\2.14\htmlunit-2.14.jar;C:\Users\Nazar_Gorodenchuk\.m2\repository\xalan\xalan\2.7.1\xalan-2.7.1.jar;C:\Users\Nazar_Gorodenchuk\.m2\repository\xalan\serializer\2.7.1\serializer-2.7.1.jar;C:\Users\Nazar_Gorodenchuk\.m2\repository\commons-collections\commons-collections\3.2.1\commons-collections-3.2.1.jar;C:\Users\Nazar_Gorodenchuk\.m2\repository\net\sourceforge\htmlunit\htmlunit-core-js\2.14\htmlunit-core-js-2.14.jar;C:\Users\Nazar_Gorodenchuk\.m2\repository\xerces\xercesImpl\2.11.0\xercesImpl-2.11.0.jar;C:\Users\Nazar_Gorodenchuk\.m2\repository\xml-apis\xml-apis\1.4.01\xml-apis-1.4.01.jar;C:\Users\Nazar_Gorodenchuk\.m2\repository\net\sourceforge\nekohtml\nekohtml\1.9.20\nekohtml-1.9.20.jar;C:\Users\Nazar_Gorodenchuk\.m2\repository\net\sourceforge\cssparser\cssparser\0.9.13\cssparser-0.9.13.jar;C:\Users\Nazar_Gorodenchuk\.m2\repository\org\w3c\css\sac\1.3\sac-1.3.jar;C:\Users\Nazar_Gorodenchuk\.m2\repository\org\eclipse\jetty\jetty-websocket\8.1.14.v20131031\jetty-websocket-8.1.14.v20131031.jar;C:\Users\Nazar_Gorodenchuk\.m2\repository\org\eclipse\jetty\jetty-util\8.1.14.v20131031\jetty-util-8.1.14.v20131031.jar;C:\Users\Nazar_Gorodenchuk\.m2\repository\org\eclipse\jetty\jetty-io\8.1.14.v20131031\jetty-io-8.1.14.v20131031.jar;C:\Users\Nazar_Gorodenchuk\.m2\repository\org\eclipse\jetty\jetty-http\8.1.14.v20131031\jetty-http-8.1.14.v20131031.jar;C:\Users\Nazar_Gorodenchuk\.m2\repository\org\seleniumhq\selenium\selenium-firefox-driver\2.42.0\selenium-firefox-driver-2.42.0.jar;C:\Users\Nazar_Gorodenchuk\.m2\repository\commons-io\commons-io\2.4\commons-io-2.4.jar;C:\Users\Nazar_Gorodenchuk\.m2\repository\org\apache\commons\commons-exec\1.1\commons-exec-1.1.jar;C:\Users\Nazar_Gorodenchuk\.m2\repository\org\seleniumhq\selenium\selenium-ie-driver\2.42.0\selenium-ie-driver-2.42.0.jar;C:\Users\Nazar_Gorodenchuk\.m2\repository\net\java\dev\jna\jna\3.4.0\jna-3.4.0.jar;C:\Users\Nazar_Gorodenchuk\.m2\repository\net\java\dev\jna\platform\3.4.0\platform-3.4.0.jar;C:\Users\Nazar_Gorodenchuk\.m2\repository\org\seleniumhq\selenium\selenium-safari-driver\2.42.0\selenium-safari-driver-2.42.0.jar;C:\Users\Nazar_Gorodenchuk\.m2\repository\org\seleniumhq\selenium\selenium-support\2.42.0\selenium-support-2.42.0.jar;C:\Users\Nazar_Gorodenchuk\.m2\repository\org\seleniumhq\selenium\selenium-api\2.42.0\selenium-api-2.42.0.jar;C:\Users\Nazar_Gorodenchuk\.m2\repository\org\webbitserver\webbit\0.4.14\webbit-0.4.14.jar;C:\Users\Nazar_Gorodenchuk\.m2\repository\io\netty\netty\3.5.2.Final\netty-3.5.2.Final.jar;C:\Users\Nazar_Gorodenchuk\.m2\repository\com\googlecode\lambdaj\lambdaj\2.3.3\lambdaj-2.3.3.jar;C:\Users\Nazar_Gorodenchuk\.m2\repository\org\objenesis\objenesis\1.2\objenesis-1.2.jar;C:\Users\Nazar_Gorodenchuk\.m2\repository\cglib\cglib-nodep\2.2\cglib-nodep-2.2.jar;C:\Users\Nazar_Gorodenchuk\.m2\repository\org\apache\maven\surefire\surefire-testng-utils\2.20.1\surefire-testng-utils-2.20.1.jar;C:\Users\Nazar_Gorodenchuk\.m2\repository\org\apache\maven\surefire\surefire-grouper\2.20.1\surefire-grouper-2.20.1.jar;"/>
    <property name="java.vm.vendor" value="Oracle Corporation"/>
    <property name="sun.arch.data.model" value="64"/>
    <property name="user.variant" value=""/>
    <property name="java.vendor.url" value="http://java.oracle.com/"/>
    <property name="user.timezone" value=""/>
    <property name="java.vm.specification.version" value="1.8"/>
    <property name="os.name" value="Windows 10"/>
    <property name="user.country" value="US"/>
    <property name="sun.java.launcher" value="SUN_STANDARD"/>
    <property name="sun.boot.library.path" value="C:\Program Files\Java\jdk1.8.0_151\jre\bin"/>
    <property name="sun.java.command" value="C:\Users\NAZAR_~1\AppData\Local\Temp\surefire4288638473426744676\surefirebooter2441511847365400415.jar C:\Users\Nazar_Gorodenchuk\AppData\Local\Temp\surefire4288638473426744676 2018-01-12T19-44-35_581-jvmRun1 surefire2712010645170750734tmp surefire_08095658184497196278tmp"/>
    <property name="surefire.test.class.path" value="C:\Users\Nazar_Gorodenchuk\linkq-apitests\target\test-classes;C:\Users\Nazar_Gorodenchuk\linkq-apitests\target\classes;C:\Users\Nazar_Gorodenchuk\.m2\repository\log4j\log4j\1.2.17\log4j-1.2.17.jar;C:\Users\Nazar_Gorodenchuk\.m2\repository\com\jayway\restassured\rest-assured\2.9.0\rest-assured-2.9.0.jar;C:\Users\Nazar_Gorodenchuk\.m2\repository\org\codehaus\groovy\groovy\2.4.4\groovy-2.4.4.jar;C:\Users\Nazar_Gorodenchuk\.m2\repository\org\codehaus\groovy\groovy-xml\2.4.4\groovy-xml-2.4.4.jar;C:\Users\Nazar_Gorodenchuk\.m2\repository\org\apache\httpcomponents\httpclient\4.5.1\httpclient-4.5.1.jar;C:\Users\Nazar_Gorodenchuk\.m2\repository\org\apache\httpcomponents\httpcore\4.4.3\httpcore-4.4.3.jar;C:\Users\Nazar_Gorodenchuk\.m2\repository\commons-logging\commons-logging\1.2\commons-logging-1.2.jar;C:\Users\Nazar_Gorodenchuk\.m2\repository\commons-codec\commons-codec\1.9\commons-codec-1.9.jar;C:\Users\Nazar_Gorodenchuk\.m2\repository\org\apache\httpcomponents\httpmime\4.5.1\httpmime-4.5.1.jar;C:\Users\Nazar_Gorodenchuk\.m2\repository\org\hamcrest\hamcrest-core\1.3\hamcrest-core-1.3.jar;C:\Users\Nazar_Gorodenchuk\.m2\repository\org\hamcrest\hamcrest-library\1.3\hamcrest-library-1.3.jar;C:\Users\Nazar_Gorodenchuk\.m2\repository\org\ccil\cowan\tagsoup\tagsoup\1.2.1\tagsoup-1.2.1.jar;C:\Users\Nazar_Gorodenchuk\.m2\repository\com\jayway\restassured\json-path\2.9.0\json-path-2.9.0.jar;C:\Users\Nazar_Gorodenchuk\.m2\repository\org\codehaus\groovy\groovy-json\2.4.4\groovy-json-2.4.4.jar;C:\Users\Nazar_Gorodenchuk\.m2\repository\com\jayway\restassured\rest-assured-common\2.9.0\rest-assured-common-2.9.0.jar;C:\Users\Nazar_Gorodenchuk\.m2\repository\com\jayway\restassured\xml-path\2.9.0\xml-path-2.9.0.jar;C:\Users\Nazar_Gorodenchuk\.m2\repository\org\apache\commons\commons-lang3\3.3.2\commons-lang3-3.3.2.jar;C:\Users\Nazar_Gorodenchuk\.m2\repository\com\jayway\restassured\json-schema-validator\2.3.4\json-schema-validator-2.3.4.jar;C:\Users\Nazar_Gorodenchuk\.m2\repository\com\github\fge\json-schema-validator\2.2.5\json-schema-validator-2.2.5.jar;C:\Users\Nazar_Gorodenchuk\.m2\repository\com\github\fge\json-schema-core\1.2.4\json-schema-core-1.2.4.jar;C:\Users\Nazar_Gorodenchuk\.m2\repository\com\github\fge\uri-template\0.9\uri-template-0.9.jar;C:\Users\Nazar_Gorodenchuk\.m2\repository\com\github\fge\msg-simple\1.1\msg-simple-1.1.jar;C:\Users\Nazar_Gorodenchuk\.m2\repository\com\github\fge\btf\1.2\btf-1.2.jar;C:\Users\Nazar_Gorodenchuk\.m2\repository\com\google\guava\guava\16.0.1\guava-16.0.1.jar;C:\Users\Nazar_Gorodenchuk\.m2\repository\com\github\fge\jackson-coreutils\1.8\jackson-coreutils-1.8.jar;C:\Users\Nazar_Gorodenchuk\.m2\repository\org\mozilla\rhino\1.7R4\rhino-1.7R4.jar;C:\Users\Nazar_Gorodenchuk\.m2\repository\joda-time\joda-time\2.3\joda-time-2.3.jar;C:\Users\Nazar_Gorodenchuk\.m2\repository\com\googlecode\libphonenumber\libphonenumber\6.0\libphonenumber-6.0.jar;C:\Users\Nazar_Gorodenchuk\.m2\repository\javax\mail\mailapi\1.4.3\mailapi-1.4.3.jar;C:\Users\Nazar_Gorodenchuk\.m2\repository\javax\activation\activation\1.1\activation-1.1.jar;C:\Users\Nazar_Gorodenchuk\.m2\repository\com\google\code\findbugs\jsr305\2.0.1\jsr305-2.0.1.jar;C:\Users\Nazar_Gorodenchuk\.m2\repository\net\sf\jopt-simple\jopt-simple\4.6\jopt-simple-4.6.jar;C:\Users\Nazar_Gorodenchuk\.m2\repository\com\fasterxml\jackson\core\jackson-annotations\2.9.3\jackson-annotations-2.9.3.jar;C:\Users\Nazar_Gorodenchuk\.m2\repository\com\fasterxml\jackson\core\jackson-core\2.9.3\jackson-core-2.9.3.jar;C:\Users\Nazar_Gorodenchuk\.m2\repository\com\fasterxml\jackson\core\jackson-databind\2.9.3\jackson-databind-2.9.3.jar;C:\Users\Nazar_Gorodenchuk\.m2\repository\com\jayway\jsonpath\json-path\0.8.1\json-path-0.8.1.jar;C:\Users\Nazar_Gorodenchuk\.m2\repository\net\minidev\json-smart\1.1.1\json-smart-1.1.1.jar;C:\Users\Nazar_Gorodenchuk\.m2\repository\commons-lang\commons-lang\2.6\commons-lang-2.6.jar;C:\Users\Nazar_Gorodenchuk\.m2\repository\org\testng\testng\6.13.1\testng-6.13.1.jar;C:\Users\Nazar_Gorodenchuk\.m2\repository\com\beust\jcommander\1.72\jcommander-1.72.jar;C:\Users\Nazar_Gorodenchuk\.m2\repository\ru\yandex\qatools\allure\allure-testng-adaptor\1.4.23\allure-testng-adaptor-1.4.23.jar;C:\Users\Nazar_Gorodenchuk\.m2\repository\ru\yandex\qatools\allure\allure-java-aspects\1.4.23\allure-java-aspects-1.4.23.jar;C:\Users\Nazar_Gorodenchuk\.m2\repository\ru\yandex\qatools\allure\allure-java-adaptor-api\1.4.23\allure-java-adaptor-api-1.4.23.jar;C:\Users\Nazar_Gorodenchuk\.m2\repository\ru\yandex\qatools\allure\allure-java-annotations\1.4.23\allure-java-annotations-1.4.23.jar;C:\Users\Nazar_Gorodenchuk\.m2\repository\ru\yandex\qatools\allure\allure-model\1.4.23\allure-model-1.4.23.jar;C:\Users\Nazar_Gorodenchuk\.m2\repository\org\jvnet\jaxb2_commons\jaxb2-basics-runtime\0.9.3\jaxb2-basics-runtime-0.9.3.jar;C:\Users\Nazar_Gorodenchuk\.m2\repository\ru\yandex\qatools\properties\properties-loader\1.5\properties-loader-1.5.jar;C:\Users\Nazar_Gorodenchuk\.m2\repository\commons-beanutils\commons-beanutils-core\1.8.3\commons-beanutils-core-1.8.3.jar;C:\Users\Nazar_Gorodenchuk\.m2\repository\org\slf4j\slf4j-api\1.7.12\slf4j-api-1.7.12.jar;C:\Users\Nazar_Gorodenchuk\.m2\repository\org\apache\tika\tika-core\1.7\tika-core-1.7.jar;C:\Users\Nazar_Gorodenchuk\.m2\repository\org\aspectj\aspectjrt\1.8.3\aspectjrt-1.8.3.jar;C:\Users\Nazar_Gorodenchuk\.m2\repository\ru\yandex\qatools\htmlelements\htmlelements-java\1.13\htmlelements-java-1.13.jar;C:\Users\Nazar_Gorodenchuk\.m2\repository\org\seleniumhq\selenium\selenium-java\2.42.0\selenium-java-2.42.0.jar;C:\Users\Nazar_Gorodenchuk\.m2\repository\org\seleniumhq\selenium\selenium-chrome-driver\2.42.0\selenium-chrome-driver-2.42.0.jar;C:\Users\Nazar_Gorodenchuk\.m2\repository\org\seleniumhq\selenium\selenium-remote-driver\2.42.0\selenium-remote-driver-2.42.0.jar;C:\Users\Nazar_Gorodenchuk\.m2\repository\org\json\json\20080701\json-20080701.jar;C:\Users\Nazar_Gorodenchuk\.m2\repository\org\seleniumhq\selenium\selenium-htmlunit-driver\2.42.0\selenium-htmlunit-driver-2.42.0.jar;C:\Users\Nazar_Gorodenchuk\.m2\repository\net\sourceforge\htmlunit\htmlunit\2.14\htmlunit-2.14.jar;C:\Users\Nazar_Gorodenchuk\.m2\repository\xalan\xalan\2.7.1\xalan-2.7.1.jar;C:\Users\Nazar_Gorodenchuk\.m2\repository\xalan\serializer\2.7.1\serializer-2.7.1.jar;C:\Users\Nazar_Gorodenchuk\.m2\repository\commons-collections\commons-collections\3.2.1\commons-collections-3.2.1.jar;C:\Users\Nazar_Gorodenchuk\.m2\repository\net\sourceforge\htmlunit\htmlunit-core-js\2.14\htmlunit-core-js-2.14.jar;C:\Users\Nazar_Gorodenchuk\.m2\repository\xerces\xercesImpl\2.11.0\xercesImpl-2.11.0.jar;C:\Users\Nazar_Gorodenchuk\.m2\repository\xml-apis\xml-apis\1.4.01\xml-apis-1.4.01.jar;C:\Users\Nazar_Gorodenchuk\.m2\repository\net\sourceforge\nekohtml\nekohtml\1.9.20\nekohtml-1.9.20.jar;C:\Users\Nazar_Gorodenchuk\.m2\repository\net\sourceforge\cssparser\cssparser\0.9.13\cssparser-0.9.13.jar;C:\Users\Nazar_Gorodenchuk\.m2\repository\org\w3c\css\sac\1.3\sac-1.3.jar;C:\Users\Nazar_Gorodenchuk\.m2\repository\org\eclipse\jetty\jetty-websocket\8.1.14.v20131031\jetty-websocket-8.1.14.v20131031.jar;C:\Users\Nazar_Gorodenchuk\.m2\repository\org\eclipse\jetty\jetty-util\8.1.14.v20131031\jetty-util-8.1.14.v20131031.jar;C:\Users\Nazar_Gorodenchuk\.m2\repository\org\eclipse\jetty\jetty-io\8.1.14.v20131031\jetty-io-8.1.14.v20131031.jar;C:\Users\Nazar_Gorodenchuk\.m2\repository\org\eclipse\jetty\jetty-http\8.1.14.v20131031\jetty-http-8.1.14.v20131031.jar;C:\Users\Nazar_Gorodenchuk\.m2\repository\org\seleniumhq\selenium\selenium-firefox-driver\2.42.0\selenium-firefox-driver-2.42.0.jar;C:\Users\Nazar_Gorodenchuk\.m2\repository\commons-io\commons-io\2.4\commons-io-2.4.jar;C:\Users\Nazar_Gorodenchuk\.m2\repository\org\apache\commons\commons-exec\1.1\commons-exec-1.1.jar;C:\Users\Nazar_Gorodenchuk\.m2\repository\org\seleniumhq\selenium\selenium-ie-driver\2.42.0\selenium-ie-driver-2.42.0.jar;C:\Users\Nazar_Gorodenchuk\.m2\repository\net\java\dev\jna\jna\3.4.0\jna-3.4.0.jar;C:\Users\Nazar_Gorodenchuk\.m2\repository\net\java\dev\jna\platform\3.4.0\platform-3.4.0.jar;C:\Users\Nazar_Gorodenchuk\.m2\repository\org\seleniumhq\selenium\selenium-safari-driver\2.42.0\selenium-safari-driver-2.42.0.jar;C:\Users\Nazar_Gorodenchuk\.m2\repository\org\seleniumhq\selenium\selenium-support\2.42.0\selenium-support-2.42.0.jar;C:\Users\Nazar_Gorodenchuk\.m2\repository\org\seleniumhq\selenium\selenium-api\2.42.0\selenium-api-2.42.0.jar;C:\Users\Nazar_Gorodenchuk\.m2\repository\org\webbitserver\webbit\0.4.14\webbit-0.4.14.jar;C:\Users\Nazar_Gorodenchuk\.m2\repository\io\netty\netty\3.5.2.Final\netty-3.5.2.Final.jar;C:\Users\Nazar_Gorodenchuk\.m2\repository\com\googlecode\lambdaj\lambdaj\2.3.3\lambdaj-2.3.3.jar;C:\Users\Nazar_Gorodenchuk\.m2\repository\org\objenesis\objenesis\1.2\objenesis-1.2.jar;C:\Users\Nazar_Gorodenchuk\.m2\repository\cglib\cglib-nodep\2.2\cglib-nodep-2.2.jar;C:\Users\Nazar_Gorodenchuk\.m2\repository\org\apache\maven\surefire\surefire-testng-utils\2.20.1\surefire-testng-utils-2.20.1.jar;C:\Users\Nazar_Gorodenchuk\.m2\repository\org\apache\maven\surefire\surefire-grouper\2.20.1\surefire-grouper-2.20.1.jar;"/>
    <property name="sun.cpu.endian" value="little"/>
    <property name="user.home" value="C:\Users\Nazar_Gorodenchuk"/>
    <property name="user.language" value="en"/>
    <property name="java.specification.vendor" value="Oracle Corporation"/>
    <property name="java.home" value="C:\Program Files\Java\jdk1.8.0_151\jre"/>
    <property name="basedir" value="C:\Users\Nazar_Gorodenchuk\linkq-apitests"/>
    <property name="file.separator" value="\"/>
    <property name="line.separator" value="&#10;"/>
    <property name="java.vm.specification.vendor" value="Oracle Corporation"/>
    <property name="java.specification.name" value="Java Platform API Specification"/>
    <property name="java.awt.graphicsenv" value="sun.awt.Win32GraphicsEnvironment"/>
    <property name="surefire.real.class.path" value="C:\Users\NAZAR_~1\AppData\Local\Temp\surefire4288638473426744676\surefirebooter2441511847365400415.jar;C:\Users\Nazar_Gorodenchuk\.m2\repository/org/aspectj/aspectjweaver/1.8.10/aspectjweaver-1.8.10.jar"/>
    <property name="sun.boot.class.path" value="C:\Program Files\Java\jdk1.8.0_151\jre\lib\resources.jar;C:\Program Files\Java\jdk1.8.0_151\jre\lib\rt.jar;C:\Program Files\Java\jdk1.8.0_151\jre\lib\sunrsasign.jar;C:\Program Files\Java\jdk1.8.0_151\jre\lib\jsse.jar;C:\Program Files\Java\jdk1.8.0_151\jre\lib\jce.jar;C:\Program Files\Java\jdk1.8.0_151\jre\lib\charsets.jar;C:\Program Files\Java\jdk1.8.0_151\jre\lib\jfr.jar;C:\Program Files\Java\jdk1.8.0_151\jre\classes"/>
    <property name="user.script" value=""/>
    <property name="sun.management.compiler" value="HotSpot 64-Bit Tiered Compilers"/>
    <property name="java.runtime.version" value="1.8.0_151-b12"/>
    <property name="user.name" value="Nazar_Gorodenchuk"/>
    <property name="path.separator" value=";"/>
    <property name="os.version" value="10.0"/>
    <property name="java.endorsed.dirs" value="C:\Program Files\Java\jdk1.8.0_151\jre\lib\endorsed"/>
    <property name="java.runtime.name" value="Java(TM) SE Runtime Environment"/>
    <property name="file.encoding" value="Cp1251"/>
    <property name="java.vm.name" value="Java HotSpot(TM) 64-Bit Server VM"/>
    <property name="localRepository" value="C:\Users\Nazar_Gorodenchuk\.m2\repository"/>
    <property name="java.vendor.url.bug" value="http://bugreport.sun.com/bugreport/"/>
    <property name="java.io.tmpdir" value="C:\Users\NAZAR_~1\AppData\Local\Temp\"/>
    <property name="idea.version" value="2017.2.5"/>
    <property name="java.version" value="1.8.0_151"/>
    <property name="user.dir" value="C:\Users\Nazar_Gorodenchuk\linkq-apitests"/>
    <property name="os.arch" value="amd64"/>
    <property name="java.vm.specification.name" value="Java Virtual Machine Specification"/>
    <property name="java.awt.printerjob" value="sun.awt.windows.WPrinterJob"/>
    <property name="sun.os.patch.level" value=""/>
    <property name="java.library.path" value="C:\Program Files\Java\jdk1.8.0_151\jre\bin;C:\WINDOWS\Sun\Java\bin;C:\WINDOWS\system32;C:\WINDOWS;C:\ProgramData\Oracle\Java\javapath;C:\WINDOWS\system32;C:\WINDOWS;C:\WINDOWS\System32\Wbem;C:\WINDOWS\System32\WindowsPowerShell\v1.0\;C:\Program Files\TortoiseSVN\bin;C:\Program Files\apache-maven-3.5.0\bin;C:\Program Files\apache-maven-3.5.0\bin;C:\Program Files\tomcat\bin;C:\Program Files\Java\jdk1.8.0_151\bin;C:\tools\apache-jmeter-3.3bin;C:\Program Files\elasticsearch-5.6.0bin;C:\neo4jbin;C:\Program Files (x86)\MySQL\MySQL Server 5.5\bin;C:\Users\Nazar_Gorodenchuk\scoop\shims;C:\Users\Nazar_Gorodenchuk\AppData\Local\Microsoft\WindowsApps;;."/>
    <property name="java.vm.info" value="mixed mode"/>
    <property name="java.vendor" value="Oracle Corporation"/>
    <property name="java.vm.version" value="25.151-b12"/>
    <property name="java.ext.dirs" value="C:\Program Files\Java\jdk1.8.0_151\jre\lib\ext;C:\WINDOWS\Sun\Java\lib\ext"/>
    <property name="sun.io.unicode.encoding" value="UnicodeLittle"/>
    <property name="java.class.version" value="52.0"/>
  </properties>
  <testcase name="checkScoringWithPostRequestWithValidAllData" classname="organizationstest.ScoringStatusTestSuit" time="3.231">
    <failure message="expected [seems that we doesn`t recieved token, or it is not correct] but found [false]" type="java.lang.AssertionError">java.lang.AssertionError: expected [seems that we doesn`t recieved token, or it is not correct] but found [false]
	at organizationstest.ScoringStatusTestSuit.checkScoringWithPostRequestWithValidAllData(ScoringStatusTestSuit.java:44)
</failure>
    <system-out><![CDATA[2018-01-12 19:44:42 INFO  Log:16 - ***************** Testing started! *****************
2018-01-12 19:44:43 INFO  Log:16 - ----------------- Test: checkScoringWithPostRequestWithValidAllData started! -----------------
2018-01-12 19:44:43 INFO  ScoringStatusTestSuit:35 - {
  "organizationUris" : [ "http://feed.thomsonreuters.com/1-4297034757" ],
  "weights" : {
    "businessPartnership" : 0.9,
    "competitor" : 0.9,
    "ownership" : 0.9,
    "supplier" : 0.9
  }
}
HTTP/1.1 200 OK
Date: Fri, 12 Jan 2018 17:44:45 GMT
Content-Type: text/html;charset=ISO-8859-1
Content-Length: 16
Connection: keep-alive
Server: Apache-Coyote/1.1
X-Content-Type-Options: nosniff
X-XSS-Protection: 1; mode=block
Cache-Control: no-cache, no-store, max-age=0, must-revalidate
Pragma: no-cache
Expires: 0
X-Frame-Options: DENY

<html>
  <body>nI43KTop04l1JpFr</body>
</html>
nI43KTop04l1JpFr
HTTP/1.1 200 OK
Date: Fri, 12 Jan 2018 17:44:46 GMT
Content-Type: application/json;charset=UTF-8
Transfer-Encoding: chunked
Connection: keep-alive
Server: Apache-Coyote/1.1
X-Content-Type-Options: nosniff
X-XSS-Protection: 1; mode=block
Cache-Control: no-cache, no-store, max-age=0, must-revalidate
Pragma: no-cache
Expires: 0
X-Frame-Options: DENY

{
    "scoreToken": "nI43KTop04l1JpFr",
    "launched": true,
    "progress": 0.99
}
{"scoreToken":"nI43KTop04l1JpFr","launched":true,"progress":0.99}
2018-01-12 19:44:46 INFO  Log:16 - ----------------- Ended successfully -----------------
2018-01-12 19:44:46 INFO  Log:16 - ================= Test: checkScoringWithPostRequestWithValidAllData FAILED! =================
]]></system-out>
    <system-err><![CDATA[SLF4J: Failed to load class "org.slf4j.impl.StaticLoggerBinder".
SLF4J: Defaulting to no-operation (NOP) logger implementation
SLF4J: See http://www.slf4j.org/codes.html#StaticLoggerBinder for further details.
]]></system-err>
  </testcase>
</testsuite>