<?xml version="1.0" encoding="UTF-8"?>
<testsuite xmlns:xsi="http://www.w3.org/2001/XMLSchema-instance" xsi:noNamespaceSchemaLocation="https://maven.apache.org/surefire/maven-surefire-plugin/xsd/surefire-test-report.xsd" name="TestSuite" time="20.93" tests="1" errors="0" skipped="0" failures="0">
  <properties>
    <property name="sun.desktop" value="windows"/>
    <property name="awt.toolkit" value="sun.awt.windows.WToolkit"/>
    <property name="file.encoding.pkg" value="sun.io"/>
    <property name="java.specification.version" value="1.8"/>
    <property name="sun.cpu.isalist" value="amd64"/>
    <property name="sun.jnu.encoding" value="Cp1251"/>
    <property name="java.class.path" value="C:\Users\gorod\workspace\apitest\target\test-classes;C:\Users\gorod\workspace\apitest\target\classes;C:\Users\gorod\.m2\repository\log4j\log4j\1.2.17\log4j-1.2.17.jar;C:\Users\gorod\.m2\repository\org\apache\httpcomponents\httpclient\4.5.4\httpclient-4.5.4.jar;C:\Users\gorod\.m2\repository\org\apache\httpcomponents\httpcore\4.4.7\httpcore-4.4.7.jar;C:\Users\gorod\.m2\repository\commons-logging\commons-logging\1.2\commons-logging-1.2.jar;C:\Users\gorod\.m2\repository\commons-codec\commons-codec\1.10\commons-codec-1.10.jar;C:\Users\gorod\.m2\repository\com\jayway\restassured\rest-assured\2.9.0\rest-assured-2.9.0.jar;C:\Users\gorod\.m2\repository\org\codehaus\groovy\groovy\2.4.4\groovy-2.4.4.jar;C:\Users\gorod\.m2\repository\org\codehaus\groovy\groovy-xml\2.4.4\groovy-xml-2.4.4.jar;C:\Users\gorod\.m2\repository\org\apache\httpcomponents\httpmime\4.5.1\httpmime-4.5.1.jar;C:\Users\gorod\.m2\repository\org\hamcrest\hamcrest-core\1.3\hamcrest-core-1.3.jar;C:\Users\gorod\.m2\repository\org\hamcrest\hamcrest-library\1.3\hamcrest-library-1.3.jar;C:\Users\gorod\.m2\repository\org\ccil\cowan\tagsoup\tagsoup\1.2.1\tagsoup-1.2.1.jar;C:\Users\gorod\.m2\repository\com\jayway\restassured\json-path\2.9.0\json-path-2.9.0.jar;C:\Users\gorod\.m2\repository\org\codehaus\groovy\groovy-json\2.4.4\groovy-json-2.4.4.jar;C:\Users\gorod\.m2\repository\com\jayway\restassured\rest-assured-common\2.9.0\rest-assured-common-2.9.0.jar;C:\Users\gorod\.m2\repository\com\jayway\restassured\xml-path\2.9.0\xml-path-2.9.0.jar;C:\Users\gorod\.m2\repository\org\apache\commons\commons-lang3\3.3.2\commons-lang3-3.3.2.jar;C:\Users\gorod\.m2\repository\com\jayway\restassured\json-schema-validator\2.3.4\json-schema-validator-2.3.4.jar;C:\Users\gorod\.m2\repository\com\github\fge\json-schema-validator\2.2.5\json-schema-validator-2.2.5.jar;C:\Users\gorod\.m2\repository\com\github\fge\json-schema-core\1.2.4\json-schema-core-1.2.4.jar;C:\Users\gorod\.m2\repository\com\github\fge\uri-template\0.9\uri-template-0.9.jar;C:\Users\gorod\.m2\repository\com\github\fge\msg-simple\1.1\msg-simple-1.1.jar;C:\Users\gorod\.m2\repository\com\github\fge\btf\1.2\btf-1.2.jar;C:\Users\gorod\.m2\repository\com\google\guava\guava\16.0.1\guava-16.0.1.jar;C:\Users\gorod\.m2\repository\com\github\fge\jackson-coreutils\1.8\jackson-coreutils-1.8.jar;C:\Users\gorod\.m2\repository\org\mozilla\rhino\1.7R4\rhino-1.7R4.jar;C:\Users\gorod\.m2\repository\joda-time\joda-time\2.3\joda-time-2.3.jar;C:\Users\gorod\.m2\repository\com\googlecode\libphonenumber\libphonenumber\6.0\libphonenumber-6.0.jar;C:\Users\gorod\.m2\repository\javax\mail\mailapi\1.4.3\mailapi-1.4.3.jar;C:\Users\gorod\.m2\repository\javax\activation\activation\1.1\activation-1.1.jar;C:\Users\gorod\.m2\repository\com\google\code\findbugs\jsr305\2.0.1\jsr305-2.0.1.jar;C:\Users\gorod\.m2\repository\net\sf\jopt-simple\jopt-simple\4.6\jopt-simple-4.6.jar;C:\Users\gorod\.m2\repository\com\fasterxml\jackson\core\jackson-annotations\2.9.3\jackson-annotations-2.9.3.jar;C:\Users\gorod\.m2\repository\com\fasterxml\jackson\core\jackson-core\2.9.3\jackson-core-2.9.3.jar;C:\Users\gorod\.m2\repository\com\fasterxml\jackson\core\jackson-databind\2.9.3\jackson-databind-2.9.3.jar;C:\Users\gorod\.m2\repository\com\jayway\jsonpath\json-path\2.4.0\json-path-2.4.0.jar;C:\Users\gorod\.m2\repository\net\minidev\json-smart\2.3\json-smart-2.3.jar;C:\Users\gorod\.m2\repository\net\minidev\accessors-smart\1.2\accessors-smart-1.2.jar;C:\Users\gorod\.m2\repository\org\ow2\asm\asm\5.0.4\asm-5.0.4.jar;C:\Users\gorod\.m2\repository\org\slf4j\slf4j-api\1.7.25\slf4j-api-1.7.25.jar;C:\Users\gorod\.m2\repository\org\testng\testng\6.13.1\testng-6.13.1.jar;C:\Users\gorod\.m2\repository\com\beust\jcommander\1.72\jcommander-1.72.jar;C:\Users\gorod\.m2\repository\net\sf\opencsv\opencsv\2.3\opencsv-2.3.jar;C:\Users\gorod\.m2\repository\ru\yandex\qatools\allure\allure-testng-adaptor\1.4.23\allure-testng-adaptor-1.4.23.jar;C:\Users\gorod\.m2\repository\ru\yandex\qatools\allure\allure-java-aspects\1.4.23\allure-java-aspects-1.4.23.jar;C:\Users\gorod\.m2\repository\ru\yandex\qatools\allure\allure-java-adaptor-api\1.4.23\allure-java-adaptor-api-1.4.23.jar;C:\Users\gorod\.m2\repository\ru\yandex\qatools\allure\allure-java-annotations\1.4.23\allure-java-annotations-1.4.23.jar;C:\Users\gorod\.m2\repository\ru\yandex\qatools\allure\allure-model\1.4.23\allure-model-1.4.23.jar;C:\Users\gorod\.m2\repository\org\jvnet\jaxb2_commons\jaxb2-basics-runtime\0.9.3\jaxb2-basics-runtime-0.9.3.jar;C:\Users\gorod\.m2\repository\ru\yandex\qatools\properties\properties-loader\1.5\properties-loader-1.5.jar;C:\Users\gorod\.m2\repository\commons-beanutils\commons-beanutils-core\1.8.3\commons-beanutils-core-1.8.3.jar;C:\Users\gorod\.m2\repository\org\apache\tika\tika-core\1.7\tika-core-1.7.jar;C:\Users\gorod\.m2\repository\org\aspectj\aspectjrt\1.8.3\aspectjrt-1.8.3.jar;C:\Users\gorod\.m2\repository\ru\yandex\qatools\htmlelements\htmlelements-java\1.13\htmlelements-java-1.13.jar;C:\Users\gorod\.m2\repository\org\seleniumhq\selenium\selenium-java\2.42.0\selenium-java-2.42.0.jar;C:\Users\gorod\.m2\repository\org\seleniumhq\selenium\selenium-chrome-driver\2.42.0\selenium-chrome-driver-2.42.0.jar;C:\Users\gorod\.m2\repository\org\seleniumhq\selenium\selenium-remote-driver\2.42.0\selenium-remote-driver-2.42.0.jar;C:\Users\gorod\.m2\repository\org\json\json\20080701\json-20080701.jar;C:\Users\gorod\.m2\repository\org\seleniumhq\selenium\selenium-htmlunit-driver\2.42.0\selenium-htmlunit-driver-2.42.0.jar;C:\Users\gorod\.m2\repository\net\sourceforge\htmlunit\htmlunit\2.14\htmlunit-2.14.jar;C:\Users\gorod\.m2\repository\xalan\xalan\2.7.1\xalan-2.7.1.jar;C:\Users\gorod\.m2\repository\xalan\serializer\2.7.1\serializer-2.7.1.jar;C:\Users\gorod\.m2\repository\commons-collections\commons-collections\3.2.1\commons-collections-3.2.1.jar;C:\Users\gorod\.m2\repository\net\sourceforge\htmlunit\htmlunit-core-js\2.14\htmlunit-core-js-2.14.jar;C:\Users\gorod\.m2\repository\xerces\xercesImpl\2.11.0\xercesImpl-2.11.0.jar;C:\Users\gorod\.m2\repository\xml-apis\xml-apis\1.4.01\xml-apis-1.4.01.jar;C:\Users\gorod\.m2\repository\net\sourceforge\nekohtml\nekohtml\1.9.20\nekohtml-1.9.20.jar;C:\Users\gorod\.m2\repository\net\sourceforge\cssparser\cssparser\0.9.13\cssparser-0.9.13.jar;C:\Users\gorod\.m2\repository\org\w3c\css\sac\1.3\sac-1.3.jar;C:\Users\gorod\.m2\repository\org\eclipse\jetty\jetty-websocket\8.1.14.v20131031\jetty-websocket-8.1.14.v20131031.jar;C:\Users\gorod\.m2\repository\org\eclipse\jetty\jetty-util\8.1.14.v20131031\jetty-util-8.1.14.v20131031.jar;C:\Users\gorod\.m2\repository\org\eclipse\jetty\jetty-io\8.1.14.v20131031\jetty-io-8.1.14.v20131031.jar;C:\Users\gorod\.m2\repository\org\eclipse\jetty\jetty-http\8.1.14.v20131031\jetty-http-8.1.14.v20131031.jar;C:\Users\gorod\.m2\repository\org\seleniumhq\selenium\selenium-firefox-driver\2.42.0\selenium-firefox-driver-2.42.0.jar;C:\Users\gorod\.m2\repository\commons-io\commons-io\2.4\commons-io-2.4.jar;C:\Users\gorod\.m2\repository\org\apache\commons\commons-exec\1.1\commons-exec-1.1.jar;C:\Users\gorod\.m2\repository\org\seleniumhq\selenium\selenium-ie-driver\2.42.0\selenium-ie-driver-2.42.0.jar;C:\Users\gorod\.m2\repository\net\java\dev\jna\jna\3.4.0\jna-3.4.0.jar;C:\Users\gorod\.m2\repository\net\java\dev\jna\platform\3.4.0\platform-3.4.0.jar;C:\Users\gorod\.m2\repository\org\seleniumhq\selenium\selenium-safari-driver\2.42.0\selenium-safari-driver-2.42.0.jar;C:\Users\gorod\.m2\repository\org\seleniumhq\selenium\selenium-support\2.42.0\selenium-support-2.42.0.jar;C:\Users\gorod\.m2\repository\org\seleniumhq\selenium\selenium-api\2.42.0\selenium-api-2.42.0.jar;C:\Users\gorod\.m2\repository\org\webbitserver\webbit\0.4.14\webbit-0.4.14.jar;C:\Users\gorod\.m2\repository\io\netty\netty\3.5.2.Final\netty-3.5.2.Final.jar;C:\Users\gorod\.m2\repository\commons-lang\commons-lang\2.3\commons-lang-2.3.jar;C:\Users\gorod\.m2\repository\com\googlecode\lambdaj\lambdaj\2.3.3\lambdaj-2.3.3.jar;C:\Users\gorod\.m2\repository\org\objenesis\objenesis\1.2\objenesis-1.2.jar;C:\Users\gorod\.m2\repository\cglib\cglib-nodep\2.2\cglib-nodep-2.2.jar;C:\Users\gorod\.m2\repository\org\apache\maven\surefire\surefire-testng-utils\2.20.1\surefire-testng-utils-2.20.1.jar;C:\Users\gorod\.m2\repository\org\apache\maven\surefire\surefire-grouper\2.20.1\surefire-grouper-2.20.1.jar;"/>
    <property name="java.vm.vendor" value="Oracle Corporation"/>
    <property name="sun.arch.data.model" value="64"/>
    <property name="user.variant" value=""/>
    <property name="java.vendor.url" value="http://java.oracle.com/"/>
    <property name="user.timezone" value=""/>
    <property name="user.country.format" value="UA"/>
    <property name="java.vm.specification.version" value="1.8"/>
    <property name="os.name" value="Windows 10"/>
    <property name="user.country" value="RU"/>
    <property name="sun.java.launcher" value="SUN_STANDARD"/>
    <property name="sun.boot.library.path" value="C:\Program Files\Java\jdk1.8.0_60\jre\bin"/>
    <property name="sun.java.command" value="C:\Users\gorod\AppData\Local\Temp\surefire2390351020824007430\surefirebooter5476593959712569321.jar C:\Users\gorod\AppData\Local\Temp\surefire2390351020824007430 2018-01-20T23-39-30_400-jvmRun1 surefire5599664361732851601tmp surefire_06941781455982287948tmp"/>
    <property name="surefire.test.class.path" value="C:\Users\gorod\workspace\apitest\target\test-classes;C:\Users\gorod\workspace\apitest\target\classes;C:\Users\gorod\.m2\repository\log4j\log4j\1.2.17\log4j-1.2.17.jar;C:\Users\gorod\.m2\repository\org\apache\httpcomponents\httpclient\4.5.4\httpclient-4.5.4.jar;C:\Users\gorod\.m2\repository\org\apache\httpcomponents\httpcore\4.4.7\httpcore-4.4.7.jar;C:\Users\gorod\.m2\repository\commons-logging\commons-logging\1.2\commons-logging-1.2.jar;C:\Users\gorod\.m2\repository\commons-codec\commons-codec\1.10\commons-codec-1.10.jar;C:\Users\gorod\.m2\repository\com\jayway\restassured\rest-assured\2.9.0\rest-assured-2.9.0.jar;C:\Users\gorod\.m2\repository\org\codehaus\groovy\groovy\2.4.4\groovy-2.4.4.jar;C:\Users\gorod\.m2\repository\org\codehaus\groovy\groovy-xml\2.4.4\groovy-xml-2.4.4.jar;C:\Users\gorod\.m2\repository\org\apache\httpcomponents\httpmime\4.5.1\httpmime-4.5.1.jar;C:\Users\gorod\.m2\repository\org\hamcrest\hamcrest-core\1.3\hamcrest-core-1.3.jar;C:\Users\gorod\.m2\repository\org\hamcrest\hamcrest-library\1.3\hamcrest-library-1.3.jar;C:\Users\gorod\.m2\repository\org\ccil\cowan\tagsoup\tagsoup\1.2.1\tagsoup-1.2.1.jar;C:\Users\gorod\.m2\repository\com\jayway\restassured\json-path\2.9.0\json-path-2.9.0.jar;C:\Users\gorod\.m2\repository\org\codehaus\groovy\groovy-json\2.4.4\groovy-json-2.4.4.jar;C:\Users\gorod\.m2\repository\com\jayway\restassured\rest-assured-common\2.9.0\rest-assured-common-2.9.0.jar;C:\Users\gorod\.m2\repository\com\jayway\restassured\xml-path\2.9.0\xml-path-2.9.0.jar;C:\Users\gorod\.m2\repository\org\apache\commons\commons-lang3\3.3.2\commons-lang3-3.3.2.jar;C:\Users\gorod\.m2\repository\com\jayway\restassured\json-schema-validator\2.3.4\json-schema-validator-2.3.4.jar;C:\Users\gorod\.m2\repository\com\github\fge\json-schema-validator\2.2.5\json-schema-validator-2.2.5.jar;C:\Users\gorod\.m2\repository\com\github\fge\json-schema-core\1.2.4\json-schema-core-1.2.4.jar;C:\Users\gorod\.m2\repository\com\github\fge\uri-template\0.9\uri-template-0.9.jar;C:\Users\gorod\.m2\repository\com\github\fge\msg-simple\1.1\msg-simple-1.1.jar;C:\Users\gorod\.m2\repository\com\github\fge\btf\1.2\btf-1.2.jar;C:\Users\gorod\.m2\repository\com\google\guava\guava\16.0.1\guava-16.0.1.jar;C:\Users\gorod\.m2\repository\com\github\fge\jackson-coreutils\1.8\jackson-coreutils-1.8.jar;C:\Users\gorod\.m2\repository\org\mozilla\rhino\1.7R4\rhino-1.7R4.jar;C:\Users\gorod\.m2\repository\joda-time\joda-time\2.3\joda-time-2.3.jar;C:\Users\gorod\.m2\repository\com\googlecode\libphonenumber\libphonenumber\6.0\libphonenumber-6.0.jar;C:\Users\gorod\.m2\repository\javax\mail\mailapi\1.4.3\mailapi-1.4.3.jar;C:\Users\gorod\.m2\repository\javax\activation\activation\1.1\activation-1.1.jar;C:\Users\gorod\.m2\repository\com\google\code\findbugs\jsr305\2.0.1\jsr305-2.0.1.jar;C:\Users\gorod\.m2\repository\net\sf\jopt-simple\jopt-simple\4.6\jopt-simple-4.6.jar;C:\Users\gorod\.m2\repository\com\fasterxml\jackson\core\jackson-annotations\2.9.3\jackson-annotations-2.9.3.jar;C:\Users\gorod\.m2\repository\com\fasterxml\jackson\core\jackson-core\2.9.3\jackson-core-2.9.3.jar;C:\Users\gorod\.m2\repository\com\fasterxml\jackson\core\jackson-databind\2.9.3\jackson-databind-2.9.3.jar;C:\Users\gorod\.m2\repository\com\jayway\jsonpath\json-path\2.4.0\json-path-2.4.0.jar;C:\Users\gorod\.m2\repository\net\minidev\json-smart\2.3\json-smart-2.3.jar;C:\Users\gorod\.m2\repository\net\minidev\accessors-smart\1.2\accessors-smart-1.2.jar;C:\Users\gorod\.m2\repository\org\ow2\asm\asm\5.0.4\asm-5.0.4.jar;C:\Users\gorod\.m2\repository\org\slf4j\slf4j-api\1.7.25\slf4j-api-1.7.25.jar;C:\Users\gorod\.m2\repository\org\testng\testng\6.13.1\testng-6.13.1.jar;C:\Users\gorod\.m2\repository\com\beust\jcommander\1.72\jcommander-1.72.jar;C:\Users\gorod\.m2\repository\net\sf\opencsv\opencsv\2.3\opencsv-2.3.jar;C:\Users\gorod\.m2\repository\ru\yandex\qatools\allure\allure-testng-adaptor\1.4.23\allure-testng-adaptor-1.4.23.jar;C:\Users\gorod\.m2\repository\ru\yandex\qatools\allure\allure-java-aspects\1.4.23\allure-java-aspects-1.4.23.jar;C:\Users\gorod\.m2\repository\ru\yandex\qatools\allure\allure-java-adaptor-api\1.4.23\allure-java-adaptor-api-1.4.23.jar;C:\Users\gorod\.m2\repository\ru\yandex\qatools\allure\allure-java-annotations\1.4.23\allure-java-annotations-1.4.23.jar;C:\Users\gorod\.m2\repository\ru\yandex\qatools\allure\allure-model\1.4.23\allure-model-1.4.23.jar;C:\Users\gorod\.m2\repository\org\jvnet\jaxb2_commons\jaxb2-basics-runtime\0.9.3\jaxb2-basics-runtime-0.9.3.jar;C:\Users\gorod\.m2\repository\ru\yandex\qatools\properties\properties-loader\1.5\properties-loader-1.5.jar;C:\Users\gorod\.m2\repository\commons-beanutils\commons-beanutils-core\1.8.3\commons-beanutils-core-1.8.3.jar;C:\Users\gorod\.m2\repository\org\apache\tika\tika-core\1.7\tika-core-1.7.jar;C:\Users\gorod\.m2\repository\org\aspectj\aspectjrt\1.8.3\aspectjrt-1.8.3.jar;C:\Users\gorod\.m2\repository\ru\yandex\qatools\htmlelements\htmlelements-java\1.13\htmlelements-java-1.13.jar;C:\Users\gorod\.m2\repository\org\seleniumhq\selenium\selenium-java\2.42.0\selenium-java-2.42.0.jar;C:\Users\gorod\.m2\repository\org\seleniumhq\selenium\selenium-chrome-driver\2.42.0\selenium-chrome-driver-2.42.0.jar;C:\Users\gorod\.m2\repository\org\seleniumhq\selenium\selenium-remote-driver\2.42.0\selenium-remote-driver-2.42.0.jar;C:\Users\gorod\.m2\repository\org\json\json\20080701\json-20080701.jar;C:\Users\gorod\.m2\repository\org\seleniumhq\selenium\selenium-htmlunit-driver\2.42.0\selenium-htmlunit-driver-2.42.0.jar;C:\Users\gorod\.m2\repository\net\sourceforge\htmlunit\htmlunit\2.14\htmlunit-2.14.jar;C:\Users\gorod\.m2\repository\xalan\xalan\2.7.1\xalan-2.7.1.jar;C:\Users\gorod\.m2\repository\xalan\serializer\2.7.1\serializer-2.7.1.jar;C:\Users\gorod\.m2\repository\commons-collections\commons-collections\3.2.1\commons-collections-3.2.1.jar;C:\Users\gorod\.m2\repository\net\sourceforge\htmlunit\htmlunit-core-js\2.14\htmlunit-core-js-2.14.jar;C:\Users\gorod\.m2\repository\xerces\xercesImpl\2.11.0\xercesImpl-2.11.0.jar;C:\Users\gorod\.m2\repository\xml-apis\xml-apis\1.4.01\xml-apis-1.4.01.jar;C:\Users\gorod\.m2\repository\net\sourceforge\nekohtml\nekohtml\1.9.20\nekohtml-1.9.20.jar;C:\Users\gorod\.m2\repository\net\sourceforge\cssparser\cssparser\0.9.13\cssparser-0.9.13.jar;C:\Users\gorod\.m2\repository\org\w3c\css\sac\1.3\sac-1.3.jar;C:\Users\gorod\.m2\repository\org\eclipse\jetty\jetty-websocket\8.1.14.v20131031\jetty-websocket-8.1.14.v20131031.jar;C:\Users\gorod\.m2\repository\org\eclipse\jetty\jetty-util\8.1.14.v20131031\jetty-util-8.1.14.v20131031.jar;C:\Users\gorod\.m2\repository\org\eclipse\jetty\jetty-io\8.1.14.v20131031\jetty-io-8.1.14.v20131031.jar;C:\Users\gorod\.m2\repository\org\eclipse\jetty\jetty-http\8.1.14.v20131031\jetty-http-8.1.14.v20131031.jar;C:\Users\gorod\.m2\repository\org\seleniumhq\selenium\selenium-firefox-driver\2.42.0\selenium-firefox-driver-2.42.0.jar;C:\Users\gorod\.m2\repository\commons-io\commons-io\2.4\commons-io-2.4.jar;C:\Users\gorod\.m2\repository\org\apache\commons\commons-exec\1.1\commons-exec-1.1.jar;C:\Users\gorod\.m2\repository\org\seleniumhq\selenium\selenium-ie-driver\2.42.0\selenium-ie-driver-2.42.0.jar;C:\Users\gorod\.m2\repository\net\java\dev\jna\jna\3.4.0\jna-3.4.0.jar;C:\Users\gorod\.m2\repository\net\java\dev\jna\platform\3.4.0\platform-3.4.0.jar;C:\Users\gorod\.m2\repository\org\seleniumhq\selenium\selenium-safari-driver\2.42.0\selenium-safari-driver-2.42.0.jar;C:\Users\gorod\.m2\repository\org\seleniumhq\selenium\selenium-support\2.42.0\selenium-support-2.42.0.jar;C:\Users\gorod\.m2\repository\org\seleniumhq\selenium\selenium-api\2.42.0\selenium-api-2.42.0.jar;C:\Users\gorod\.m2\repository\org\webbitserver\webbit\0.4.14\webbit-0.4.14.jar;C:\Users\gorod\.m2\repository\io\netty\netty\3.5.2.Final\netty-3.5.2.Final.jar;C:\Users\gorod\.m2\repository\commons-lang\commons-lang\2.3\commons-lang-2.3.jar;C:\Users\gorod\.m2\repository\com\googlecode\lambdaj\lambdaj\2.3.3\lambdaj-2.3.3.jar;C:\Users\gorod\.m2\repository\org\objenesis\objenesis\1.2\objenesis-1.2.jar;C:\Users\gorod\.m2\repository\cglib\cglib-nodep\2.2\cglib-nodep-2.2.jar;C:\Users\gorod\.m2\repository\org\apache\maven\surefire\surefire-testng-utils\2.20.1\surefire-testng-utils-2.20.1.jar;C:\Users\gorod\.m2\repository\org\apache\maven\surefire\surefire-grouper\2.20.1\surefire-grouper-2.20.1.jar;"/>
    <property name="sun.cpu.endian" value="little"/>
    <property name="user.home" value="C:\Users\gorod"/>
    <property name="user.language" value="ru"/>
    <property name="java.specification.vendor" value="Oracle Corporation"/>
    <property name="java.home" value="C:\Program Files\Java\jdk1.8.0_60\jre"/>
    <property name="basedir" value="C:\Users\gorod\workspace\apitest"/>
    <property name="file.separator" value="\"/>
    <property name="line.separator" value="&#10;"/>
    <property name="java.vm.specification.vendor" value="Oracle Corporation"/>
    <property name="java.specification.name" value="Java Platform API Specification"/>
    <property name="java.awt.graphicsenv" value="sun.awt.Win32GraphicsEnvironment"/>
    <property name="surefire.real.class.path" value="C:\Users\gorod\AppData\Local\Temp\surefire2390351020824007430\surefirebooter5476593959712569321.jar;C:\Users\gorod\.m2\repository/org/aspectj/aspectjweaver/1.8.10/aspectjweaver-1.8.10.jar"/>
    <property name="sun.boot.class.path" value="C:\Program Files\Java\jdk1.8.0_60\jre\lib\resources.jar;C:\Program Files\Java\jdk1.8.0_60\jre\lib\rt.jar;C:\Program Files\Java\jdk1.8.0_60\jre\lib\sunrsasign.jar;C:\Program Files\Java\jdk1.8.0_60\jre\lib\jsse.jar;C:\Program Files\Java\jdk1.8.0_60\jre\lib\jce.jar;C:\Program Files\Java\jdk1.8.0_60\jre\lib\charsets.jar;C:\Program Files\Java\jdk1.8.0_60\jre\lib\jfr.jar;C:\Program Files\Java\jdk1.8.0_60\jre\classes"/>
    <property name="user.script" value=""/>
    <property name="sun.management.compiler" value="HotSpot 64-Bit Tiered Compilers"/>
    <property name="java.runtime.version" value="1.8.0_60-b27"/>
    <property name="user.name" value="gorod"/>
    <property name="path.separator" value=";"/>
    <property name="os.version" value="10.0"/>
    <property name="java.endorsed.dirs" value="C:\Program Files\Java\jdk1.8.0_60\jre\lib\endorsed"/>
    <property name="java.runtime.name" value="Java(TM) SE Runtime Environment"/>
    <property name="file.encoding" value="Cp1251"/>
    <property name="java.vm.name" value="Java HotSpot(TM) 64-Bit Server VM"/>
    <property name="localRepository" value="C:\Users\gorod\.m2\repository"/>
    <property name="java.vendor.url.bug" value="http://bugreport.sun.com/bugreport/"/>
    <property name="java.io.tmpdir" value="C:\Users\gorod\AppData\Local\Temp\"/>
    <property name="idea.version" value="2017.1.5"/>
    <property name="java.version" value="1.8.0_60"/>
    <property name="user.dir" value="C:\Users\gorod\workspace\apitest"/>
    <property name="os.arch" value="amd64"/>
    <property name="java.vm.specification.name" value="Java Virtual Machine Specification"/>
    <property name="java.awt.printerjob" value="sun.awt.windows.WPrinterJob"/>
    <property name="user.language.format" value="uk"/>
    <property name="sun.os.patch.level" value=""/>
    <property name="java.library.path" value="C:\Program Files\Java\jdk1.8.0_60\jre\bin;C:\Windows\Sun\Java\bin;C:\Windows\system32;C:\Windows;C:\ProgramData\Oracle\Java\javapath;C:\Windows\system32;C:\Windows;C:\Windows\System32\Wbem;C:\Windows\System32\WindowsPowerShell\v1.0\;C:\Program Files (x86)\Common Files\Acronis\SnapAPI\;C:\Program Files (x86)\Calibre2\;C:\Program Files\apache-maven-3.3.9-bin\apache-maven-3.3.9\bin;C:\Program Files\Git\bin\;C:\Program Files (x86)\opencv\build\x64\vc14\bin\;C:\android-sdk-windows\platform-tools;C:\Program Files\nodejs\C:\Program Files\Java\jdk1.8.0_60\bin;C:\C:\ant\bin;C:\Program Files (x86)\Jenkins\plugins\allure-commandline\bin;C:\Program Files\apache-jmeter-3.1bin;C:\Program Files (x86)\Skype\Phone\;C:\Users\gorod\AppData\Roaming\npm;%USERPROFILE%\AppData\Local\Microsoft\WindowsApps;;."/>
    <property name="java.vm.info" value="mixed mode"/>
    <property name="java.vendor" value="Oracle Corporation"/>
    <property name="java.vm.version" value="25.60-b23"/>
    <property name="java.ext.dirs" value="C:\Program Files\Java\jdk1.8.0_60\jre\lib\ext;C:\Windows\Sun\Java\lib\ext"/>
    <property name="sun.io.unicode.encoding" value="UnicodeLittle"/>
    <property name="java.class.version" value="52.0"/>
  </properties>
  <testcase name="checkScoringResultWithValidAllWeights" classname="scoringcontrollertest.ScoringResultsTestSuit" time="1.497"/>
</testsuite>