<?xml version="1.0" encoding="UTF-8"?>
<!-- Generated by org.testng.reporters.JUnitReportReporter -->
<testsuite skipped="0" hostname="DESKTOP-14LIAQ3" name="scoringcontrollertest.ScoringResultsTestSuit" tests="1" failures="0" timestamp="20 січ. 2018 21:39:53 GMT" time="1.266" errors="0">
  <testcase name="checkScoringResultWithValidAllWeights" time="1.266" classname="scoringcontrollertest.ScoringResultsTestSuit"/>
</testsuite> <!-- scoringcontrollertest.ScoringResultsTestSuit -->
